#
# There is insufficient memory for the Java Runtime Environment to continue.
# Native memory allocation (malloc) failed to allocate 1048576 bytes for AllocateHeap
# Possible reasons:
#   The system is out of physical RAM or swap space
#   In 32 bit mode, the process size limit was hit
# Possible solutions:
#   Reduce memory load on the system
#   Increase physical memory or swap space
#   Check if swap backing store is full
#   Use 64 bit Java on a 64 bit OS
#   Decrease Java heap size (-Xmx/-Xms)
#   Decrease number of Java threads
#   Decrease Java thread stack sizes (-Xss)
#   Set larger code cache with -XX:ReservedCodeCacheSize=
# This output file may be truncated or incomplete.
#
#  Out of Memory Error (memory/allocation.inline.hpp:61), pid=2148, tid=0x0000000000004994
#
# JRE version:  (8.0_144-b01) (build )
# Java VM: Java HotSpot(TM) 64-Bit Server VM (25.144-b01 mixed mode windows-amd64 compressed oops)
# Failed to write core dump. Minidumps are not enabled by default on client versions of Windows
#

---------------  T H R E A D  ---------------

Current thread (0x0000000002da0800):  JavaThread "Unknown thread" [_thread_in_vm, id=18836, stack(0x0000000002bc0000,0x0000000002cc0000)]

Stack: [0x0000000002bc0000,0x0000000002cc0000]
[error occurred during error reporting (printing stack bounds), id 0xc0000005]

Native frames: (J=compiled Java code, j=interpreted, Vv=VM code, C=native code)


---------------  P R O C E S S  ---------------

Java Threads: ( => current thread )

Other Threads:

=>0x0000000002da0800 (exited) JavaThread "Unknown thread" [_thread_in_vm, id=18836, stack(0x0000000002bc0000,0x0000000002cc0000)]

VM state:not at safepoint (normal execution)

VM Mutex/Monitor currently owned by a thread: None

Heap:
 PSYoungGen      total 75776K, used 1300K [0x000000076b600000, 0x0000000770a80000, 0x00000007c0000000)
  eden space 65024K, 2% used [0x000000076b600000,0x000000076b7451f8,0x000000076f580000)
  from space 10752K, 0% used [0x0000000770000000,0x0000000770000000,0x0000000770a80000)
  to   space 10752K, 0% used [0x000000076f580000,0x000000076f580000,0x0000000770000000)
 ParOldGen       total 173568K, used 0K [0x00000006c2200000, 0x00000006ccb80000, 0x000000076b600000)
  object space 173568K, 0% used [0x00000006c2200000,0x00000006c2200000,0x00000006ccb80000)
 Metaspace       used 770K, capacity 4480K, committed 4480K, reserved 1056768K
  class space    used 75K, capacity 384K, committed 384K, reserved 1048576K

Card table byte_map: [0x0000000012260000,0x0000000012a50000] byte_map_base: 0x000000000ec4f000

Marking Bits: (ParMarkBitMap*) 0x000000006a4ad850
 Begin Bits: [0x00000000133a0000, 0x0000000017318000)
 End Bits:   [0x0000000017318000, 0x000000001b290000)

Polling page: 0x0000000000e10000

CodeCache: size=245760Kb used=328Kb max_used=328Kb free=245431Kb
 bounds [0x0000000002ea0000, 0x0000000003110000, 0x0000000011ea0000]
 total_blobs=58 nmethods=0 adapters=38
 compilation: enabled

Compilation events (0 events):
No events

GC Heap History (0 events):
No events

Deoptimization events (0 events):
No events

Internal exceptions (0 events):
No events

Events (10 events):
Event: 0.036 loading class java/lang/Short
Event: 0.036 loading class java/lang/Short done
Event: 0.036 loading class java/lang/Integer
Event: 0.036 loading class java/lang/Integer done
Event: 0.036 loading class java/lang/Long
Event: 0.036 loading class java/lang/Long done
Event: 0.037 loading class java/lang/NullPointerException
Event: 0.038 loading class java/lang/NullPointerException done
Event: 0.038 loading class java/lang/ArithmeticException
Event: 0.038 loading class java/lang/ArithmeticException done


Dynamic libraries:
0x00007ff78b2b0000 - 0x00007ff78b2e7000 	C:\Program Files\Java\jdk1.8.0_144\jre\bin\java.exe
0x00007ffbd6880000 - 0x00007ffbd6a5b000 	C:\WINDOWS\SYSTEM32\ntdll.dll
0x00007ffbd43e0000 - 0x00007ffbd448e000 	C:\WINDOWS\System32\KERNEL32.DLL
0x00007ffbd2da0000 - 0x00007ffbd2fe9000 	C:\WINDOWS\System32\KERNELBASE.dll
0x00007ffbd6270000 - 0x00007ffbd6311000 	C:\WINDOWS\System32\ADVAPI32.dll
0x00007ffbd61d0000 - 0x00007ffbd626d000 	C:\WINDOWS\System32\msvcrt.dll
0x00007ffbd5d20000 - 0x00007ffbd5d79000 	C:\WINDOWS\System32\sechost.dll
0x00007ffbd3de0000 - 0x00007ffbd3f05000 	C:\WINDOWS\System32\RPCRT4.dll
0x00007ffbd3f80000 - 0x00007ffbd40ca000 	C:\WINDOWS\System32\USER32.dll
0x00007ffbd39a0000 - 0x00007ffbd39be000 	C:\WINDOWS\System32\win32u.dll
0x00007ffbd5f50000 - 0x00007ffbd5f77000 	C:\WINDOWS\System32\GDI32.dll
0x00007ffbd3810000 - 0x00007ffbd3998000 	C:\WINDOWS\System32\gdi32full.dll
0x00007ffbd3c40000 - 0x00007ffbd3cda000 	C:\WINDOWS\System32\msvcp_win.dll
0x00007ffbd3ce0000 - 0x00007ffbd3dd6000 	C:\WINDOWS\System32\ucrtbase.dll
0x00007ffbbf680000 - 0x00007ffbbf8e7000 	C:\WINDOWS\WinSxS\amd64_microsoft.windows.common-controls_6595b64144ccf1df_6.0.15063.483_none_26002d27e7c744a2\COMCTL32.dll
0x00007ffbd59b0000 - 0x00007ffbd5ca9000 	C:\WINDOWS\System32\combase.dll
0x00007ffbd37a0000 - 0x00007ffbd380a000 	C:\WINDOWS\System32\bcryptPrimitives.dll
0x00007ffbd5ef0000 - 0x00007ffbd5f1d000 	C:\WINDOWS\System32\IMM32.DLL
0x000000006ab10000 - 0x000000006abe2000 	C:\Program Files\Java\jdk1.8.0_144\jre\bin\msvcr100.dll
0x0000000069c90000 - 0x000000006a52d000 	C:\Program Files\Java\jdk1.8.0_144\jre\bin\server\jvm.dll
0x00007ffbd5f20000 - 0x00007ffbd5f28000 	C:\WINDOWS\System32\PSAPI.DLL
0x00007ffbc62e0000 - 0x00007ffbc62e9000 	C:\WINDOWS\SYSTEM32\WSOCK32.dll
0x00007ffbd0740000 - 0x00007ffbd0763000 	C:\WINDOWS\SYSTEM32\WINMM.dll
0x00007ffbd5cb0000 - 0x00007ffbd5d1c000 	C:\WINDOWS\System32\WS2_32.dll
0x00007ffbceb30000 - 0x00007ffbceb3a000 	C:\WINDOWS\SYSTEM32\VERSION.dll
0x00007ffbd03e0000 - 0x00007ffbd040b000 	C:\WINDOWS\SYSTEM32\winmmbase.dll
0x00007ffbd3a20000 - 0x00007ffbd3a69000 	C:\WINDOWS\System32\cfgmgr32.dll
0x000000006e1d0000 - 0x000000006e1df000 	C:\Program Files\Java\jdk1.8.0_144\jre\bin\verify.dll
0x000000006aaa0000 - 0x000000006aac9000 	C:\Program Files\Java\jdk1.8.0_144\jre\bin\java.dll
0x000000006aa80000 - 0x000000006aa96000 	C:\Program Files\Java\jdk1.8.0_144\jre\bin\zip.dll

VM Arguments:
java_command: D:\Dropbox (Personal)\Imocom\NBProject\IMOCOM30082017\0-Intelcom\0-Intelcom-View\target\surefire\surefirebooter4336986613957504963.jar D:\Dropbox (Personal)\Imocom\NBProject\IMOCOM30082017\0-Intelcom\0-Intelcom-View\target\surefire\surefire4015688059362667929tmp D:\Dropbox (Personal)\Imocom\NBProject\IMOCOM30082017\0-Intelcom\0-Intelcom-View\target\surefire\surefire2459969699506874491tmp
java_class_path (initial): D:\Dropbox (Personal)\Imocom\NBProject\IMOCOM30082017\0-Intelcom\0-Intelcom-View\target\surefire\surefirebooter4336986613957504963.jar
Launcher Type: SUN_STANDARD

Environment Variables:
JAVA_HOME=C:\Program Files\Java\jdk1.8.0_144
PATH=C:\ProgramData\Oracle\Java\javapath;C:\WINDOWS\system32;C:\WINDOWS;C:\WINDOWS\System32\Wbem;C:\WINDOWS\System32\WindowsPowerShell\v1.0\;C:\Program Files\TortoiseSVN\bin;C:\Users\rafae\AppData\Local\Microsoft\WindowsApps;C:\Program Files (x86)\Sophos\Sophos SSL VPN Client\bin
USERNAME=RGLocal
OS=Windows_NT
PROCESSOR_IDENTIFIER=Intel64 Family 6 Model 58 Stepping 9, GenuineIntel



---------------  S Y S T E M  ---------------

OS: Windows 10.0 , 64 bit Build 15063 (10.0.15063.296)

CPU:total 4 (initial active 4) (2 cores per cpu, 2 threads per core) family 6 model 58 stepping 9, cmov, cx8, fxsr, mmx, sse, sse2, sse3, ssse3, sse4.1, sse4.2, popcnt, avx, aes, clmul, erms, ht, tsc, tscinvbit, tscinv

Memory: 4k page, physical 16633864k(2821480k free), swap 29257316k(3168k free)

vm_info: Java HotSpot(TM) 64-Bit Server VM (25.144-b01) for windows-amd64 JRE (1.8.0_144-b01), built on Jul 21 2017 21:57:33 by "java_re" with MS VC++ 10.0 (VS2010)

time: Wed Oct 25 10:43:07 2017
elapsed time: 0 seconds (0d 0h 0m 0s)

